app/build/outputs/logs/manifest-merger-debug-report.txt
-- Merging decision tree log ---
manifest
ADDED from src\main\AndroidManifest.xml:2:1-138:12
INJECTED from src\main\AndroidManifest.xml:2:1-138:12
INJECTED from src\main\AndroidManifest.xml:2:1-138:12
INJECTED from src\main\AndroidManifest.xml:2:1-138:12
INJECTED from src\main\AndroidManifest.xml:2:1-138:12
INJECTED from src\main\AndroidManifest.xml:2:1-138:12
INJECTED from src\main\AndroidManifest.xml:2:1-138:12
	package
		ADDED from src\main\AndroidManifest.xml:3:5-48
		INJECTED from src\main\AndroidManifest.xml
		INJECTED from src\main\AndroidManifest.xml
	android:versionName
		ADDED from src\main\AndroidManifest.xml:5:5-30
		INJECTED from src\main\AndroidManifest.xml
		INJECTED from src\main\AndroidManifest.xml
	xmlns:android
		ADDED from src\main\AndroidManifest.xml:2:11-69
	android:versionCode
		ADDED from src\main\AndroidManifest.xml:4:5-30
		INJECTED from src\main\AndroidManifest.xml
		INJECTED from src\main\AndroidManifest.xml
uses-sdk
ADDED from src\main\AndroidManifest.xml:14:5-74
INJECTED from src\main\AndroidManifest.xml:14:5-74
INJECTED from src\main\AndroidManifest.xml:14:5-74
INJECTED from src\main\AndroidManifest.xml:14:5-74
INJECTED from src\main\AndroidManifest.xml:14:5-74
	android:targetSdkVersion
		ADDED from src\main\AndroidManifest.xml:14:42-71
		INJECTED from src\main\AndroidManifest.xml
		INJECTED from src\main\AndroidManifest.xml
	android:minSdkVersion
		ADDED from src\main\AndroidManifest.xml:14:15-41
		INJECTED from src\main\AndroidManifest.xml
		INJECTED from src\main\AndroidManifest.xml
uses-feature#0x00020000
ADDED from src\main\AndroidManifest.xml:16:5-54
	android:glEsVersion
		ADDED from src\main\AndroidManifest.xml:16:19-51
uses-feature#android.hardware.camera
ADDED from src\main\AndroidManifest.xml:32:5-60
	android:name
		ADDED from src\main\AndroidManifest.xml:32:19-57
uses-permission#android.permission.CAMERA
ADDED from src\main\AndroidManifest.xml:37:5-65
	android:name
		ADDED from src\main\AndroidManifest.xml:37:22-62
uses-permission#android.permission.INTERNET
ADDED from src\main\AndroidManifest.xml:42:5-66
	android:name
		ADDED from src\main\AndroidManifest.xml:42:22-64
uses-permission#android.permission.ACCESS_NETWORK_STATE
ADDED from src\main\AndroidManifest.xml:48:5-79
	android:name
		ADDED from src\main\AndroidManifest.xml:48:22-76
uses-permission#android.permission.READ_EXTERNAL_STORAGE
ADDED from src\main\AndroidManifest.xml:50:5-79
	android:name
		ADDED from src\main\AndroidManifest.xml:50:22-77
application
ADDED from src\main\AndroidManifest.xml:66:5-136:19
	android:label
		ADDED from src\main\AndroidManifest.xml:68:9-38
	android:launchMode
		ADDED from src\main\AndroidManifest.xml:70:9-40
	android:icon
		ADDED from src\main\AndroidManifest.xml:67:9-43
	android:allowBackup
		ADDED from src\main\AndroidManifest.xml:71:9-35
	android:description
		ADDED from src\main\AndroidManifest.xml:69:9-54
	android:theme
		ADDED from src\main\AndroidManifest.xml:72:9-47
activity#com.vuforia.samples.VideoPlayback.ui.ActivityList.ActivitySplashScreen
ADDED from src\main\AndroidManifest.xml:92:10-103:21
	android:screenOrientation
		ADDED from src\main\AndroidManifest.xml:95:13-49
	android:noHistory
		ADDED from src\main\AndroidManifest.xml:96:13-37
	android:configChanges
		ADDED from src\main\AndroidManifest.xml:94:13-63
	android:name
		ADDED from src\main\AndroidManifest.xml:93:13-65
intent-filter#action:name:android.intent.action.MAIN+category:name:android.intent.category.LAUNCHER
ADDED from src\main\AndroidManifest.xml:98:13-102:29
action#android.intent.action.MAIN
ADDED from src\main\AndroidManifest.xml:99:17-69
	android:name
		ADDED from src\main\AndroidManifest.xml:99:25-66
category#android.intent.category.LAUNCHER
ADDED from src\main\AndroidManifest.xml:101:17-77
	android:name
		ADDED from src\main\AndroidManifest.xml:101:27-74
activity#com.vuforia.samples.VideoPlayback.ui.ActivityList.AboutScreen
ADDED from src\main\AndroidManifest.xml:105:10-110:20
	android:screenOrientation
		ADDED from src\main\AndroidManifest.xml:108:13-49
	android:configChanges
		ADDED from src\main\AndroidManifest.xml:107:13-63
	android:name
		ADDED from src\main\AndroidManifest.xml:106:13-56
activity#com.vuforia.samples.VideoPlayback.app.VideoPlayback.VideoPlayback
ADDED from src\main\AndroidManifest.xml:112:9-117:15
	android:launchMode
		ADDED from src\main\AndroidManifest.xml:116:11-42
	android:configChanges
		ADDED from src\main\AndroidManifest.xml:114:13-93
	android:theme
		ADDED from src\main\AndroidManifest.xml:115:10-48
	android:name
		ADDED from src\main\AndroidManifest.xml:113:13-60
activity#com.vuforia.samples.VideoPlayback.app.VideoPlayback.FullscreenPlayback
ADDED from src\main\AndroidManifest.xml:123:9-134:20
	android:screenOrientation
		ADDED from src\main\AndroidManifest.xml:127:11-48
	android:label
		ADDED from src\main\AndroidManifest.xml:123:19-51
	android:launchMode
		ADDED from src\main\AndroidManifest.xml:126:11-42
	android:exported
		ADDED from src\main\AndroidManifest.xml:128:13-37
	android:configChanges
		ADDED from src\main\AndroidManifest.xml:125:13-93
	android:name
		ADDED from src\main\AndroidManifest.xml:124:13-65
intent-filter#action:name:android.intent.action.VIEW
ADDED from src\main\AndroidManifest.xml:130:13-132:29
action#android.intent.action.VIEW
ADDED from src\main\AndroidManifest.xml:131:17-69
	android:name
		ADDED from src\main\AndroidManifest.xml:131:25-66